[2022-08-21 17:24:56] local.ERROR: During inheritance of ArrayAccess: Uncaught ErrorException: Return type of Illuminate\Support\Collection::offsetExists($key) should either be compatible with ArrayAccess::offsetExists(mixed $offset): bool, or the #[\ReturnTypeWillChange] attribute should be used to temporarily suppress the notice in /Users/spencer/Sites/CTF/2021-Redhat-ezlight/docker/source/vendor/laravel/framework/src/Illuminate/Support/Collection.php:1277
Stack trace:
#0 /Users/spencer/Sites/CTF/2021-Redhat-ezlight/docker/source/vendor/laravel/framework/src/Illuminate/Support/Collection.php(11): Illuminate\Foundation\Bootstrap\HandleExceptions->handleError(8192, 'Return type of ...', '/Users/spencer/...', 1277)
#1 /Users/spencer/Sites/CTF/2021-Redhat-ezlight/docker/source/vendor/composer/ClassLoader.php(476): include('/Users/spencer/...')
#2 /Users/spencer/Sites/CTF/2021-Redhat-ezlight/docker/source/vendor/composer/ClassLoader.php(344): Composer\Autoload\includeFile('/Users/spencer/...')
#3 /Users/spencer/Sites/CTF/2021-Redhat-ezlight/docker/source/vendor/laravel/framework/src/Illuminate/Support/helpers.php(109): Composer\Autoload\ClassLoader->loadClass('Illuminate\\Supp...')
#4 /Users/spencer/Sites/CTF/2021-Redhat-ezlight/docker/source/vendor/laravel/framework/src/Illuminate/Foundation/PackageManifest.php(130): collect(Array)
#5 /Users/spencer/Sites/CTF/2021-Redhat-ezlight/docker/source/vendor/laravel/framework/src/Illuminate/Foundation/PackageManifest.php(106): Illuminate\Foundation\PackageManifest->build()
#6 /Users/spencer/Sites/CTF/2021-Redhat-ezlight/docker/source/vendor/laravel/framework/src/Illuminate/Foundation/PackageManifest.php(89): Illuminate\Foundation\PackageManifest->getManifest()
#7 /Users/spencer/Sites/CTF/2021-Redhat-ezlight/docker/source/vendor/laravel/framework/src/Illuminate/Foundation/PackageManifest.php(78): Illuminate\Foundation\PackageManifest->config('aliases')
#8 /Users/spencer/Sites/CTF/2021-Redhat-ezlight/docker/source/vendor/laravel/framework/src/Illuminate/Foundation/Bootstrap/RegisterFacades.php(26): Illuminate\Foundation\PackageManifest->aliases()
#9 /Users/spencer/Sites/CTF/2021-Redhat-ezlight/docker/source/vendor/laravel/framework/src/Illuminate/Foundation/Application.php(219): Illuminate\Foundation\Bootstrap\RegisterFacades->bootstrap(Object(Illuminate\Foundation\Application))
#10 /Users/spencer/Sites/CTF/2021-Redhat-ezlight/docker/source/vendor/laravel/framework/src/Illuminate/Foundation/Console/Kernel.php(320): Illuminate\Foundation\Application->bootstrapWith(Array)
#11 /Users/spencer/Sites/CTF/2021-Redhat-ezlight/docker/source/vendor/laravel/framework/src/Illuminate/Foundation/Console/Kernel.php(129): Illuminate\Foundation\Console\Kernel->bootstrap()
#12 /Users/spencer/Sites/CTF/2021-Redhat-ezlight/docker/source/artisan(37): Illuminate\Foundation\Console\Kernel->handle(Object(Symfony\Component\Console\Input\ArgvInput), Object(Symfony\Component\Console\Output\ConsoleOutput))
#13 {main} {"exception":"[object] (Symfony\\Component\\Debug\\Exception\\FatalErrorException(code: 1): During inheritance of ArrayAccess: Uncaught ErrorException: Return type of Illuminate\\Support\\Collection::offsetExists($key) should either be compatible with ArrayAccess::offsetExists(mixed $offset): bool, or the #[\\ReturnTypeWillChange] attribute should be used to temporarily suppress the notice in /Users/spencer/Sites/CTF/2021-Redhat-ezlight/docker/source/vendor/laravel/framework/src/Illuminate/Support/Collection.php:1277
Stack trace:
#0 /Users/spencer/Sites/CTF/2021-Redhat-ezlight/docker/source/vendor/laravel/framework/src/Illuminate/Support/Collection.php(11): Illuminate\\Foundation\\Bootstrap\\HandleExceptions->handleError(8192, 'Return type of ...', '/Users/spencer/...', 1277)
#1 /Users/spencer/Sites/CTF/2021-Redhat-ezlight/docker/source/vendor/composer/ClassLoader.php(476): include('/Users/spencer/...')
#2 /Users/spencer/Sites/CTF/2021-Redhat-ezlight/docker/source/vendor/composer/ClassLoader.php(344): Composer\\Autoload\\includeFile('/Users/spencer/...')
#3 /Users/spencer/Sites/CTF/2021-Redhat-ezlight/docker/source/vendor/laravel/framework/src/Illuminate/Support/helpers.php(109): Composer\\Autoload\\ClassLoader->loadClass('Illuminate\\\\Supp...')
#4 /Users/spencer/Sites/CTF/2021-Redhat-ezlight/docker/source/vendor/laravel/framework/src/Illuminate/Foundation/PackageManifest.php(130): collect(Array)
#5 /Users/spencer/Sites/CTF/2021-Redhat-ezlight/docker/source/vendor/laravel/framework/src/Illuminate/Foundation/PackageManifest.php(106): Illuminate\\Foundation\\PackageManifest->build()
#6 /Users/spencer/Sites/CTF/2021-Redhat-ezlight/docker/source/vendor/laravel/framework/src/Illuminate/Foundation/PackageManifest.php(89): Illuminate\\Foundation\\PackageManifest->getManifest()
#7 /Users/spencer/Sites/CTF/2021-Redhat-ezlight/docker/source/vendor/laravel/framework/src/Illuminate/Foundation/PackageManifest.php(78): Illuminate\\Foundation\\PackageManifest->config('aliases')
#8 /Users/spencer/Sites/CTF/2021-Redhat-ezlight/docker/source/vendor/laravel/framework/src/Illuminate/Foundation/Bootstrap/RegisterFacades.php(26): Illuminate\\Foundation\\PackageManifest->aliases()
#9 /Users/spencer/Sites/CTF/2021-Redhat-ezlight/docker/source/vendor/laravel/framework/src/Illuminate/Foundation/Application.php(219): Illuminate\\Foundation\\Bootstrap\\RegisterFacades->bootstrap(Object(Illuminate\\Foundation\\Application))
#10 /Users/spencer/Sites/CTF/2021-Redhat-ezlight/docker/source/vendor/laravel/framework/src/Illuminate/Foundation/Console/Kernel.php(320): Illuminate\\Foundation\\Application->bootstrapWith(Array)
#11 /Users/spencer/Sites/CTF/2021-Redhat-ezlight/docker/source/vendor/laravel/framework/src/Illuminate/Foundation/Console/Kernel.php(129): Illuminate\\Foundation\\Console\\Kernel->bootstrap()
#12 /Users/spencer/Sites/CTF/2021-Redhat-ezlight/docker/source/artisan(37): Illuminate\\Foundation\\Console\\Kernel->handle(Object(Symfony\\Component\\Console\\Input\\ArgvInput), Object(Symfony\\Component\\Console\\Output\\ConsoleOutput))
#13 {main} at /Users/spencer/Sites/CTF/2021-Redhat-ezlight/docker/source/vendor/laravel/framework/src/Illuminate/Support/Collection.php:11)
[stacktrace]
#0 {main}
"} 
[2022-08-21 17:26:38] local.ERROR: During inheritance of ArrayAccess: Uncaught ErrorException: Return type of Illuminate\Support\Collection::offsetExists($key) should either be compatible with ArrayAccess::offsetExists(mixed $offset): bool, or the #[\ReturnTypeWillChange] attribute should be used to temporarily suppress the notice in /Users/spencer/Sites/CTF/2021-Redhat-ezlight/docker/source/vendor/laravel/framework/src/Illuminate/Support/Collection.php:1277
Stack trace:
#0 /Users/spencer/Sites/CTF/2021-Redhat-ezlight/docker/source/vendor/laravel/framework/src/Illuminate/Support/Collection.php(11): Illuminate\Foundation\Bootstrap\HandleExceptions->handleError(8192, 'Return type of ...', '/Users/spencer/...', 1277)
#1 /Users/spencer/Sites/CTF/2021-Redhat-ezlight/docker/source/vendor/composer/ClassLoader.php(476): include('/Users/spencer/...')
#2 /Users/spencer/Sites/CTF/2021-Redhat-ezlight/docker/source/vendor/composer/ClassLoader.php(344): Composer\Autoload\includeFile('/Users/spencer/...')
#3 /Users/spencer/Sites/CTF/2021-Redhat-ezlight/docker/source/vendor/laravel/framework/src/Illuminate/Support/helpers.php(109): Composer\Autoload\ClassLoader->loadClass('Illuminate\\Supp...')
#4 /Users/spencer/Sites/CTF/2021-Redhat-ezlight/docker/source/vendor/laravel/framework/src/Illuminate/Foundation/PackageManifest.php(130): collect(Array)
#5 /Users/spencer/Sites/CTF/2021-Redhat-ezlight/docker/source/vendor/laravel/framework/src/Illuminate/Foundation/PackageManifest.php(106): Illuminate\Foundation\PackageManifest->build()
#6 /Users/spencer/Sites/CTF/2021-Redhat-ezlight/docker/source/vendor/laravel/framework/src/Illuminate/Foundation/PackageManifest.php(89): Illuminate\Foundation\PackageManifest->getManifest()
#7 /Users/spencer/Sites/CTF/2021-Redhat-ezlight/docker/source/vendor/laravel/framework/src/Illuminate/Foundation/PackageManifest.php(78): Illuminate\Foundation\PackageManifest->config('aliases')
#8 /Users/spencer/Sites/CTF/2021-Redhat-ezlight/docker/source/vendor/laravel/framework/src/Illuminate/Foundation/Bootstrap/RegisterFacades.php(26): Illuminate\Foundation\PackageManifest->aliases()
#9 /Users/spencer/Sites/CTF/2021-Redhat-ezlight/docker/source/vendor/laravel/framework/src/Illuminate/Foundation/Application.php(219): Illuminate\Foundation\Bootstrap\RegisterFacades->bootstrap(Object(Illuminate\Foundation\Application))
#10 /Users/spencer/Sites/CTF/2021-Redhat-ezlight/docker/source/vendor/laravel/framework/src/Illuminate/Foundation/Console/Kernel.php(320): Illuminate\Foundation\Application->bootstrapWith(Array)
#11 /Users/spencer/Sites/CTF/2021-Redhat-ezlight/docker/source/vendor/laravel/framework/src/Illuminate/Foundation/Console/Kernel.php(129): Illuminate\Foundation\Console\Kernel->bootstrap()
#12 /Users/spencer/Sites/CTF/2021-Redhat-ezlight/docker/source/artisan(37): Illuminate\Foundation\Console\Kernel->handle(Object(Symfony\Component\Console\Input\ArgvInput), Object(Symfony\Component\Console\Output\ConsoleOutput))
#13 {main} {"exception":"[object] (Symfony\\Component\\Debug\\Exception\\FatalErrorException(code: 1): During inheritance of ArrayAccess: Uncaught ErrorException: Return type of Illuminate\\Support\\Collection::offsetExists($key) should either be compatible with ArrayAccess::offsetExists(mixed $offset): bool, or the #[\\ReturnTypeWillChange] attribute should be used to temporarily suppress the notice in /Users/spencer/Sites/CTF/2021-Redhat-ezlight/docker/source/vendor/laravel/framework/src/Illuminate/Support/Collection.php:1277
Stack trace:
#0 /Users/spencer/Sites/CTF/2021-Redhat-ezlight/docker/source/vendor/laravel/framework/src/Illuminate/Support/Collection.php(11): Illuminate\\Foundation\\Bootstrap\\HandleExceptions->handleError(8192, 'Return type of ...', '/Users/spencer/...', 1277)
#1 /Users/spencer/Sites/CTF/2021-Redhat-ezlight/docker/source/vendor/composer/ClassLoader.php(476): include('/Users/spencer/...')
#2 /Users/spencer/Sites/CTF/2021-Redhat-ezlight/docker/source/vendor/composer/ClassLoader.php(344): Composer\\Autoload\\includeFile('/Users/spencer/...')
#3 /Users/spencer/Sites/CTF/2021-Redhat-ezlight/docker/source/vendor/laravel/framework/src/Illuminate/Support/helpers.php(109): Composer\\Autoload\\ClassLoader->loadClass('Illuminate\\\\Supp...')
#4 /Users/spencer/Sites/CTF/2021-Redhat-ezlight/docker/source/vendor/laravel/framework/src/Illuminate/Foundation/PackageManifest.php(130): collect(Array)
#5 /Users/spencer/Sites/CTF/2021-Redhat-ezlight/docker/source/vendor/laravel/framework/src/Illuminate/Foundation/PackageManifest.php(106): Illuminate\\Foundation\\PackageManifest->build()
#6 /Users/spencer/Sites/CTF/2021-Redhat-ezlight/docker/source/vendor/laravel/framework/src/Illuminate/Foundation/PackageManifest.php(89): Illuminate\\Foundation\\PackageManifest->getManifest()
#7 /Users/spencer/Sites/CTF/2021-Redhat-ezlight/docker/source/vendor/laravel/framework/src/Illuminate/Foundation/PackageManifest.php(78): Illuminate\\Foundation\\PackageManifest->config('aliases')
#8 /Users/spencer/Sites/CTF/2021-Redhat-ezlight/docker/source/vendor/laravel/framework/src/Illuminate/Foundation/Bootstrap/RegisterFacades.php(26): Illuminate\\Foundation\\PackageManifest->aliases()
#9 /Users/spencer/Sites/CTF/2021-Redhat-ezlight/docker/source/vendor/laravel/framework/src/Illuminate/Foundation/Application.php(219): Illuminate\\Foundation\\Bootstrap\\RegisterFacades->bootstrap(Object(Illuminate\\Foundation\\Application))
#10 /Users/spencer/Sites/CTF/2021-Redhat-ezlight/docker/source/vendor/laravel/framework/src/Illuminate/Foundation/Console/Kernel.php(320): Illuminate\\Foundation\\Application->bootstrapWith(Array)
#11 /Users/spencer/Sites/CTF/2021-Redhat-ezlight/docker/source/vendor/laravel/framework/src/Illuminate/Foundation/Console/Kernel.php(129): Illuminate\\Foundation\\Console\\Kernel->bootstrap()
#12 /Users/spencer/Sites/CTF/2021-Redhat-ezlight/docker/source/artisan(37): Illuminate\\Foundation\\Console\\Kernel->handle(Object(Symfony\\Component\\Console\\Input\\ArgvInput), Object(Symfony\\Component\\Console\\Output\\ConsoleOutput))
#13 {main} at /Users/spencer/Sites/CTF/2021-Redhat-ezlight/docker/source/vendor/laravel/framework/src/Illuminate/Support/Collection.php:11)
[stacktrace]
#0 {main}
"} 
[2022-08-21 17:26:46] local.ERROR: During inheritance of ArrayAccess: Uncaught ErrorException: Return type of Illuminate\Support\Collection::offsetExists($key) should either be compatible with ArrayAccess::offsetExists(mixed $offset): bool, or the #[\ReturnTypeWillChange] attribute should be used to temporarily suppress the notice in /Users/spencer/Sites/CTF/2021-Redhat-ezlight/docker/source/vendor/laravel/framework/src/Illuminate/Support/Collection.php:1277
Stack trace:
#0 /Users/spencer/Sites/CTF/2021-Redhat-ezlight/docker/source/vendor/laravel/framework/src/Illuminate/Support/Collection.php(11): Illuminate\Foundation\Bootstrap\HandleExceptions->handleError(8192, 'Return type of ...', '/Users/spencer/...', 1277)
#1 /Users/spencer/Sites/CTF/2021-Redhat-ezlight/docker/source/vendor/composer/ClassLoader.php(476): include('/Users/spencer/...')
#2 /Users/spencer/Sites/CTF/2021-Redhat-ezlight/docker/source/vendor/composer/ClassLoader.php(344): Composer\Autoload\includeFile('/Users/spencer/...')
#3 /Users/spencer/Sites/CTF/2021-Redhat-ezlight/docker/source/vendor/laravel/framework/src/Illuminate/Support/helpers.php(109): Composer\Autoload\ClassLoader->loadClass('Illuminate\\Supp...')
#4 /Users/spencer/Sites/CTF/2021-Redhat-ezlight/docker/source/vendor/laravel/framework/src/Illuminate/Foundation/PackageManifest.php(130): collect(Array)
#5 /Users/spencer/Sites/CTF/2021-Redhat-ezlight/docker/source/vendor/laravel/framework/src/Illuminate/Foundation/PackageManifest.php(106): Illuminate\Foundation\PackageManifest->build()
#6 /Users/spencer/Sites/CTF/2021-Redhat-ezlight/docker/source/vendor/laravel/framework/src/Illuminate/Foundation/PackageManifest.php(89): Illuminate\Foundation\PackageManifest->getManifest()
#7 /Users/spencer/Sites/CTF/2021-Redhat-ezlight/docker/source/vendor/laravel/framework/src/Illuminate/Foundation/PackageManifest.php(78): Illuminate\Foundation\PackageManifest->config('aliases')
#8 /Users/spencer/Sites/CTF/2021-Redhat-ezlight/docker/source/vendor/laravel/framework/src/Illuminate/Foundation/Bootstrap/RegisterFacades.php(26): Illuminate\Foundation\PackageManifest->aliases()
#9 /Users/spencer/Sites/CTF/2021-Redhat-ezlight/docker/source/vendor/laravel/framework/src/Illuminate/Foundation/Application.php(219): Illuminate\Foundation\Bootstrap\RegisterFacades->bootstrap(Object(Illuminate\Foundation\Application))
#10 /Users/spencer/Sites/CTF/2021-Redhat-ezlight/docker/source/vendor/laravel/framework/src/Illuminate/Foundation/Console/Kernel.php(320): Illuminate\Foundation\Application->bootstrapWith(Array)
#11 /Users/spencer/Sites/CTF/2021-Redhat-ezlight/docker/source/vendor/laravel/framework/src/Illuminate/Foundation/Console/Kernel.php(129): Illuminate\Foundation\Console\Kernel->bootstrap()
#12 /Users/spencer/Sites/CTF/2021-Redhat-ezlight/docker/source/artisan(37): Illuminate\Foundation\Console\Kernel->handle(Object(Symfony\Component\Console\Input\ArgvInput), Object(Symfony\Component\Console\Output\ConsoleOutput))
#13 {main} {"exception":"[object] (Symfony\\Component\\Debug\\Exception\\FatalErrorException(code: 1): During inheritance of ArrayAccess: Uncaught ErrorException: Return type of Illuminate\\Support\\Collection::offsetExists($key) should either be compatible with ArrayAccess::offsetExists(mixed $offset): bool, or the #[\\ReturnTypeWillChange] attribute should be used to temporarily suppress the notice in /Users/spencer/Sites/CTF/2021-Redhat-ezlight/docker/source/vendor/laravel/framework/src/Illuminate/Support/Collection.php:1277
Stack trace:
#0 /Users/spencer/Sites/CTF/2021-Redhat-ezlight/docker/source/vendor/laravel/framework/src/Illuminate/Support/Collection.php(11): Illuminate\\Foundation\\Bootstrap\\HandleExceptions->handleError(8192, 'Return type of ...', '/Users/spencer/...', 1277)
#1 /Users/spencer/Sites/CTF/2021-Redhat-ezlight/docker/source/vendor/composer/ClassLoader.php(476): include('/Users/spencer/...')
#2 /Users/spencer/Sites/CTF/2021-Redhat-ezlight/docker/source/vendor/composer/ClassLoader.php(344): Composer\\Autoload\\includeFile('/Users/spencer/...')
#3 /Users/spencer/Sites/CTF/2021-Redhat-ezlight/docker/source/vendor/laravel/framework/src/Illuminate/Support/helpers.php(109): Composer\\Autoload\\ClassLoader->loadClass('Illuminate\\\\Supp...')
#4 /Users/spencer/Sites/CTF/2021-Redhat-ezlight/docker/source/vendor/laravel/framework/src/Illuminate/Foundation/PackageManifest.php(130): collect(Array)
#5 /Users/spencer/Sites/CTF/2021-Redhat-ezlight/docker/source/vendor/laravel/framework/src/Illuminate/Foundation/PackageManifest.php(106): Illuminate\\Foundation\\PackageManifest->build()
#6 /Users/spencer/Sites/CTF/2021-Redhat-ezlight/docker/source/vendor/laravel/framework/src/Illuminate/Foundation/PackageManifest.php(89): Illuminate\\Foundation\\PackageManifest->getManifest()
#7 /Users/spencer/Sites/CTF/2021-Redhat-ezlight/docker/source/vendor/laravel/framework/src/Illuminate/Foundation/PackageManifest.php(78): Illuminate\\Foundation\\PackageManifest->config('aliases')
#8 /Users/spencer/Sites/CTF/2021-Redhat-ezlight/docker/source/vendor/laravel/framework/src/Illuminate/Foundation/Bootstrap/RegisterFacades.php(26): Illuminate\\Foundation\\PackageManifest->aliases()
#9 /Users/spencer/Sites/CTF/2021-Redhat-ezlight/docker/source/vendor/laravel/framework/src/Illuminate/Foundation/Application.php(219): Illuminate\\Foundation\\Bootstrap\\RegisterFacades->bootstrap(Object(Illuminate\\Foundation\\Application))
#10 /Users/spencer/Sites/CTF/2021-Redhat-ezlight/docker/source/vendor/laravel/framework/src/Illuminate/Foundation/Console/Kernel.php(320): Illuminate\\Foundation\\Application->bootstrapWith(Array)
#11 /Users/spencer/Sites/CTF/2021-Redhat-ezlight/docker/source/vendor/laravel/framework/src/Illuminate/Foundation/Console/Kernel.php(129): Illuminate\\Foundation\\Console\\Kernel->bootstrap()
#12 /Users/spencer/Sites/CTF/2021-Redhat-ezlight/docker/source/artisan(37): Illuminate\\Foundation\\Console\\Kernel->handle(Object(Symfony\\Component\\Console\\Input\\ArgvInput), Object(Symfony\\Component\\Console\\Output\\ConsoleOutput))
#13 {main} at /Users/spencer/Sites/CTF/2021-Redhat-ezlight/docker/source/vendor/laravel/framework/src/Illuminate/Support/Collection.php:11)
[stacktrace]
#0 {main}
"} 
